<?xml version="1.0" encoding="UTF-8"?>
<!-- Generated by org.testng.reporters.JUnitXMLReporter -->
<testsuite hostname="AA-PC" name="chrome" tests="7" failures="0" timestamp="17 May 2019 07:26:59 GMT" time="0.125" errors="0">
  <testcase name="tc001" time="0.0" classname="framework_testng.BeforeTest_and_AfterTest.TestSuite1"/>
  <testcase name="tc002" time="0.0" classname="framework_testng.BeforeTest_and_AfterTest.TestSuite1"/>
  <testcase name="tc003" time="0.015" classname="framework_testng.BeforeTest_and_AfterTest.TestSuite1"/>
  <testcase name="tc004" time="0.0" classname="framework_testng.BeforeTest_and_AfterTest.TestSuite2"/>
  <testcase name="tc005" time="0.0" classname="framework_testng.BeforeTest_and_AfterTest.TestSuite2"/>
  <testcase name="tc006" time="0.0" classname="framework_testng.BeforeTest_and_AfterTest.TestSuite2"/>
  <testcase name="login" time="0.0" classname="framework_testng.BeforeTest_and_AfterTest.Test_for_Chrome"/>
</testsuite> <!-- chrome -->
