<?xml version="1.0" encoding="UTF-8"?>
<!-- Generated by org.testng.reporters.JUnitXMLReporter -->
<testsuite hostname="AA-PC" name="Default test" tests="2" failures="0" timestamp="17 May 2019 07:13:01 GMT" time="0.796" errors="0">
  <testcase name="Verify_Operator" time="0.0" classname="framework_testng.DP.DataProvider_With_Excel_Intergration"/>
  <testcase name="Verify_Operator" time="0.0" classname="framework_testng.DP.DataProvider_With_Excel_Intergration"/>
</testsuite> <!-- Default test -->
