<?xml version="1.0" encoding="UTF-8"?>
<!-- Generated by org.testng.reporters.JUnitXMLReporter -->
<testsuite hostname="AA-PC" name="test1" tests="4" failures="0" timestamp="16 May 2019 07:20:58 GMT" time="8.62" errors="0">
  <testcase name="launch_browser" time="3.239" classname="framework_testng.Suite_Parameter.Get_Parameters_From_Suite"/>
  <testcase name="loadWebpage" time="4.896" classname="framework_testng.Suite_Parameter.Get_Parameters_From_Suite"/>
  <testcase name="User_login" time="0.286" classname="framework_testng.Suite_Parameter.Get_Parameters_From_Suite"/>
  <testcase name="User_registration" time="0.158" classname="framework_testng.Suite_Parameter.Get_Parameters_From_Suite"/>
</testsuite> <!-- test1 -->
