<?xml version="1.0" encoding="UTF-8"?>
<!-- Generated by org.testng.reporters.JUnitXMLReporter -->
<testsuite hostname="AA-PC" name="testfirefox" tests="5" failures="0" timestamp="16 May 2019 07:09:11 GMT" time="0.078" errors="0">
  <testcase name="tc001" time="0.0" classname="framework_testng.Groups.TestSuite1"/>
  <testcase name="tc002" time="0.016" classname="framework_testng.Groups.TestSuite1"/>
  <testcase name="tc005" time="0.0" classname="framework_testng.Groups.TestSuite2"/>
  <testcase name="tc006" time="0.0" classname="framework_testng.Groups.TestSuite2"/>
  <testcase name="tc007" time="0.0" classname="framework_testng.Groups.TestSuite3"/>
</testsuite> <!-- testfirefox -->
