<?xml version="1.0" encoding="UTF-8"?>
<!-- Generated by org.testng.reporters.JUnitXMLReporter -->
<testsuite hostname="AA-PC" name="test1" tests="10" failures="1" timestamp="20 May 2019 06:50:01 GMT" time="0.146" errors="0">
  <testcase name="tc001" time="0.018" classname="framework_testng.Test_listners.MyTest"/>
  <testcase name="tc002" time="0.003" classname="framework_testng.Test_listners.MyTest">
    <failure type="java.lang.AssertionError" message="expected [google] but found [gmail]">
      <![CDATA[java.lang.AssertionError: expected [google] but found [gmail]
	at framework_testng.Test_listners.MyTest.tc002(MyTest.java:18)
... Removed 31 stack frames]]>
    </failure>
  </testcase> <!-- tc002 -->
  <testcase name="tc003" time="0.0" classname="framework_testng.Test_listners.MyTest">
    <skipped/>
  </testcase> <!-- tc003 -->
  <testcase name="tc004" time="0.0" classname="framework_testng.Test_listners.MyTest"/>
  <testcase name="tc005" time="0.0" classname="framework_testng.Test_listners.MyTest">
    <skipped/>
  </testcase> <!-- tc005 -->
  <testcase name="tc006" time="0.016" classname="framework_testng.Test_listners.MyTest"/>
  <testcase name="tc006" time="0.0" classname="framework_testng.Test_listners.MyTest"/>
  <testcase name="tc006" time="0.0" classname="framework_testng.Test_listners.MyTest"/>
  <testcase name="tc006" time="0.0" classname="framework_testng.Test_listners.MyTest"/>
  <testcase name="tc006" time="0.0" classname="framework_testng.Test_listners.MyTest"/>
</testsuite> <!-- test1 -->
