<?xml version="1.0" encoding="UTF-8"?>
<!-- Generated by org.testng.reporters.JUnitXMLReporter -->
<testsuite hostname="AA-PC" name="test1" tests="4" failures="0" timestamp="16 May 2019 07:39:40 GMT" time="30.596" errors="0">
  <testcase name="launchBrowser" time="7.141" classname="framework_testng.CrossBrowser.CrossBrowser_Test"/>
  <testcase name="loadApp" time="6.561" classname="framework_testng.CrossBrowser.CrossBrowser_Test"/>
  <testcase name="flight_search" time="12.29" classname="framework_testng.CrossBrowser.CrossBrowser_Test"/>
  <testcase name="closeBrowser" time="4.569" classname="framework_testng.CrossBrowser.CrossBrowser_Test"/>
</testsuite> <!-- test1 -->
