<?xml version="1.0" encoding="UTF-8"?>
<testng-results skipped="0" failed="0" total="8" passed="8">
  <reporter-output>
  </reporter-output>
  <suite name="deafult" duration-ms="39869" started-at="2019-05-16T07:39:10Z" finished-at="2019-05-16T07:39:49Z">
    <groups>
    </groups>
    <test name="test1" duration-ms="30596" started-at="2019-05-16T07:39:10Z" finished-at="2019-05-16T07:39:40Z">
      <class name="framework_testng.CrossBrowser.CrossBrowser_Test">
        <test-method status="PASS" signature="launchBrowser(java.lang.String)[pri:0, instance:framework_testng.CrossBrowser.CrossBrowser_Test@39aeed2f]" name="launchBrowser" duration-ms="7141" started-at="2019-05-16T13:09:10Z" finished-at="2019-05-16T13:09:17Z">
          <params>
            <param index="0">
              <value>
                <![CDATA[firefox]]>
              </value>
            </param>
          </params>
          <reporter-output>
          </reporter-output>
        </test-method> <!-- launchBrowser -->
        <test-method status="PASS" signature="loadApp(java.lang.String)[pri:1, instance:framework_testng.CrossBrowser.CrossBrowser_Test@39aeed2f]" name="loadApp" duration-ms="6561" started-at="2019-05-16T13:09:17Z" finished-at="2019-05-16T13:09:23Z">
          <params>
            <param index="0">
              <value>
                <![CDATA[http://cleartrip.com]]>
              </value>
            </param>
          </params>
          <reporter-output>
          </reporter-output>
        </test-method> <!-- loadApp -->
        <test-method status="PASS" signature="flight_search()[pri:2, instance:framework_testng.CrossBrowser.CrossBrowser_Test@39aeed2f]" name="flight_search" duration-ms="12290" started-at="2019-05-16T13:09:23Z" finished-at="2019-05-16T13:09:36Z">
          <reporter-output>
          </reporter-output>
        </test-method> <!-- flight_search -->
        <test-method status="PASS" signature="closeBrowser()[pri:3, instance:framework_testng.CrossBrowser.CrossBrowser_Test@39aeed2f]" name="closeBrowser" duration-ms="4569" started-at="2019-05-16T13:09:36Z" finished-at="2019-05-16T13:09:40Z">
          <reporter-output>
          </reporter-output>
        </test-method> <!-- closeBrowser -->
      </class> <!-- framework_testng.CrossBrowser.CrossBrowser_Test -->
    </test> <!-- test1 -->
    <test name="test2" duration-ms="39869" started-at="2019-05-16T07:39:10Z" finished-at="2019-05-16T07:39:49Z">
      <class name="framework_testng.CrossBrowser.CrossBrowser_Test">
        <test-method status="PASS" signature="launchBrowser(java.lang.String)[pri:0, instance:framework_testng.CrossBrowser.CrossBrowser_Test@5e5792a0]" name="launchBrowser" duration-ms="3447" started-at="2019-05-16T13:09:10Z" finished-at="2019-05-16T13:09:13Z">
          <params>
            <param index="0">
              <value>
                <![CDATA[chrome]]>
              </value>
            </param>
          </params>
          <reporter-output>
          </reporter-output>
        </test-method> <!-- launchBrowser -->
        <test-method status="PASS" signature="loadApp(java.lang.String)[pri:1, instance:framework_testng.CrossBrowser.CrossBrowser_Test@5e5792a0]" name="loadApp" duration-ms="18375" started-at="2019-05-16T13:09:13Z" finished-at="2019-05-16T13:09:31Z">
          <params>
            <param index="0">
              <value>
                <![CDATA[http://cleartrip.com]]>
              </value>
            </param>
          </params>
          <reporter-output>
          </reporter-output>
        </test-method> <!-- loadApp -->
        <test-method status="PASS" signature="flight_search()[pri:2, instance:framework_testng.CrossBrowser.CrossBrowser_Test@5e5792a0]" name="flight_search" duration-ms="12661" started-at="2019-05-16T13:09:31Z" finished-at="2019-05-16T13:09:44Z">
          <reporter-output>
          </reporter-output>
        </test-method> <!-- flight_search -->
        <test-method status="PASS" signature="closeBrowser()[pri:3, instance:framework_testng.CrossBrowser.CrossBrowser_Test@5e5792a0]" name="closeBrowser" duration-ms="5353" started-at="2019-05-16T13:09:44Z" finished-at="2019-05-16T13:09:49Z">
          <reporter-output>
          </reporter-output>
        </test-method> <!-- closeBrowser -->
      </class> <!-- framework_testng.CrossBrowser.CrossBrowser_Test -->
    </test> <!-- test2 -->
  </suite> <!-- deafult -->
</testng-results>
