<?xml version="1.0" encoding="UTF-8"?>
<testng-results skipped="0" failed="0" total="2" passed="2">
  <reporter-output>
  </reporter-output>
  <suite name="Default suite" duration-ms="15087" started-at="2019-05-20T07:20:57Z" finished-at="2019-05-20T07:21:12Z">
    <groups>
    </groups>
    <test name="Default test" duration-ms="15087" started-at="2019-05-20T07:20:57Z" finished-at="2019-05-20T07:21:12Z">
      <class name="framework_testng.TestNg_WithExtentReports">
        <test-method status="PASS" signature="beforeClass()[pri:0, instance:framework_testng.TestNg_WithExtentReports@cb5822]" name="beforeClass" is-config="true" duration-ms="6613" started-at="2019-05-20T12:50:57Z" finished-at="2019-05-20T12:51:03Z">
          <reporter-output>
          </reporter-output>
        </test-method> <!-- beforeClass -->
        <test-method status="PASS" signature="beforemethod(java.lang.reflect.Method)[pri:0, instance:framework_testng.TestNg_WithExtentReports@cb5822]" name="beforemethod" is-config="true" duration-ms="3" started-at="2019-05-20T12:51:03Z" finished-at="2019-05-20T12:51:03Z">
          <params>
            <param index="0">
              <value>
                <![CDATA[public void framework_testng.TestNg_WithExtentReports.tc001_VerifyHomepage()]]>
              </value>
            </param>
          </params>
          <reporter-output>
          </reporter-output>
        </test-method> <!-- beforemethod -->
        <test-method status="PASS" signature="tc001_VerifyHomepage()[pri:0, instance:framework_testng.TestNg_WithExtentReports@cb5822]" name="tc001_VerifyHomepage" duration-ms="18" started-at="2019-05-20T12:51:03Z" finished-at="2019-05-20T12:51:03Z">
          <reporter-output>
          </reporter-output>
        </test-method> <!-- tc001_VerifyHomepage -->
        <test-method status="PASS" signature="beforemethod(java.lang.reflect.Method)[pri:0, instance:framework_testng.TestNg_WithExtentReports@cb5822]" name="beforemethod" is-config="true" duration-ms="0" started-at="2019-05-20T12:51:03Z" finished-at="2019-05-20T12:51:03Z">
          <params>
            <param index="0">
              <value>
                <![CDATA[public void framework_testng.TestNg_WithExtentReports.tc002_Verify_Downloadpage()]]>
              </value>
            </param>
          </params>
          <reporter-output>
          </reporter-output>
        </test-method> <!-- beforemethod -->
        <test-method status="PASS" signature="AfterTest()[pri:0, instance:framework_testng.TestNg_WithExtentReports@cb5822]" name="AfterTest" is-config="true" duration-ms="0" started-at="2019-05-20T12:51:03Z" finished-at="2019-05-20T12:51:03Z">
          <reporter-output>
          </reporter-output>
        </test-method> <!-- AfterTest -->
        <test-method status="PASS" signature="tc002_Verify_Downloadpage()[pri:0, instance:framework_testng.TestNg_WithExtentReports@cb5822]" name="tc002_Verify_Downloadpage" duration-ms="720" started-at="2019-05-20T12:51:03Z" finished-at="2019-05-20T12:51:04Z">
          <reporter-output>
          </reporter-output>
        </test-method> <!-- tc002_Verify_Downloadpage -->
        <test-method status="PASS" signature="afterClass()[pri:0, instance:framework_testng.TestNg_WithExtentReports@cb5822]" name="afterClass" is-config="true" duration-ms="7675" started-at="2019-05-20T12:51:04Z" finished-at="2019-05-20T12:51:12Z">
          <reporter-output>
          </reporter-output>
        </test-method> <!-- afterClass -->
        <test-method status="PASS" signature="AfterTest()[pri:0, instance:framework_testng.TestNg_WithExtentReports@cb5822]" name="AfterTest" is-config="true" duration-ms="0" started-at="2019-05-20T12:51:04Z" finished-at="2019-05-20T12:51:04Z">
          <reporter-output>
          </reporter-output>
        </test-method> <!-- AfterTest -->
      </class> <!-- framework_testng.TestNg_WithExtentReports -->
    </test> <!-- Default test -->
  </suite> <!-- Default suite -->
</testng-results>
